2025-12-09 12:05:25,930 - ERROR - Необработанное исключение: SystemDoesNotExist: <Model: System> instance matching query does not exist:
SQL: SELECT `t1`.`id`, `t1`.`title_id`, `t1`.`total_athletes`, `t1`.`total_group`, `t1`.`max_player`, `t1`.`stage`, `t1`.`type_table`, `t1`.`page_vid`, `t1`.`label_string`, `t1`.`kol_game_string`, `t1`.`choice_flag`, `t1`.`score_flag`, `t1`.`visible_game`, `t1`.`stage_exit`, `t1`.`mesta_exit`, `t1`.`no_game`, `t1`.`sex` FROM `system` AS `t1` WHERE ((`t1`.`stage` = %s) AND (`t1`.`title_id` = %s)) LIMIT %s OFFSET %s
Params: ['ИЛЬИН Павел Алексеевич', 65, 1, 0]
2025-12-09 12:05:25,932 - ERROR - Трассировка стека:
Traceback (most recent call last):
  File "C:\Users\Alex\Competitions_TT\venv\Lib\site-packages\peewee.py", line 7297, in get
    return clone.execute(database)[0]
           ~~~~~~~~~~~~~~~~~~~~~~~^^^
  File "C:\Users\Alex\Competitions_TT\venv\Lib\site-packages\peewee.py", line 4583, in __getitem__
    return self.row_cache[item]
           ~~~~~~~~~~~~~~^^^^^^
IndexError: list index out of range

During handling of the above exception, another exception occurred:

Traceback (most recent call last):
  File "c:\Users\Alex\Competitions_TT\main.py", line 5666, in view
    view_file = made_pdf_table_for_view(sender)
  File "c:\Users\Alex\Competitions_TT\main.py", line 8062, in made_pdf_table_for_view
    id_system = system_id(stage)
  File "c:\Users\Alex\Competitions_TT\main.py", line 12963, in system_id
    systems = System.select().where((System.stage == stage) & (System.title_id == title_id())).get()
  File "C:\Users\Alex\Competitions_TT\venv\Lib\site-packages\peewee.py", line 7300, in get
    raise self.model.DoesNotExist('%s instance matching query does '
                                  'not exist:\nSQL: %s\nParams: %s' %
                                  (clone.model, sql, params))
models.SystemDoesNotExist: <Model: System> instance matching query does not exist:
SQL: SELECT `t1`.`id`, `t1`.`title_id`, `t1`.`total_athletes`, `t1`.`total_group`, `t1`.`max_player`, `t1`.`stage`, `t1`.`type_table`, `t1`.`page_vid`, `t1`.`label_string`, `t1`.`kol_game_string`, `t1`.`choice_flag`, `t1`.`score_flag`, `t1`.`visible_game`, `t1`.`stage_exit`, `t1`.`mesta_exit`, `t1`.`no_game`, `t1`.`sex` FROM `system` AS `t1` WHERE ((`t1`.`stage` = %s) AND (`t1`.`title_id` = %s)) LIMIT %s OFFSET %s
Params: ['ИЛЬИН Павел Алексеевич', 65, 1, 0]
2025-12-09 12:06:19,363 - ERROR - Необработанное исключение: AttributeError: 'ModelSelect' object has no attribute 'fio_city'
2025-12-09 12:06:19,363 - ERROR - Трассировка стека:
Traceback (most recent call last):
  File "c:\Users\Alex\Competitions_TT\main.py", line 11642, in etap_made
    one_table(fin, group=1)
    ~~~~~~~~~^^^^^^^^^^^^^^
  File "c:\Users\Alex\Competitions_TT\main.py", line 5552, in one_table
    player_in_setka_and_write_Game_list_and_Result(fin, posev_data)
    ~~~~~~~~~~~~~~~~~~~~~~~~~~~~~~~~~~~~~~~~~~~~~~^^^^^^^^^^^^^^^^^
  File "c:\Users\Alex\Competitions_TT\main.py", line 5842, in player_in_setka_and_write_Game_list_and_Result
    all_list = setka_data(fin, posev_data)
  File "c:\Users\Alex\Competitions_TT\main.py", line 16544, in setka_data
    name_list = full_player_id(family) # словарь {name: фамилия/город, id: номер игрока}, {name: фамилия, id: номер мгрока}
  File "c:\Users\Alex\Competitions_TT\main.py", line 16582, in full_player_id
    pl_id = player.select().where(player.fio_city == family).get()
                                  ^^^^^^^^^^^^^^^
AttributeError: 'ModelSelect' object has no attribute 'fio_city'
