2025-12-09 10:10:42,252 - ERROR - Необработанное исключение: TitleDoesNotExist: <Model: Title> instance matching query does not exist:
SQL: SELECT `t1`.`id`, `t1`.`name`, `t1`.`sredi`, `t1`.`vozrast`, `t1`.`data_start`, `t1`.`data_end`, `t1`.`mesto`, `t1`.`referee`, `t1`.`kat_ref`, `t1`.`secretary`, `t1`.`kat_sec`, `t1`.`gamer`, `t1`.`full_name_comp`, `t1`.`pdf_comp`, `t1`.`short_name_comp`, `t1`.`tab_enabled`, `t1`.`multiregion`, `t1`.`perenos`, `t1`.`otchestvo`, `t1`.`r_date` FROM `titles` AS `t1` WHERE (((`t1`.`name` = %s) AND (`t1`.`gamer` = %s)) AND ((`t1`.`data_start` = %s) AND (`t1`.`vozrast` = %s))) LIMIT %s OFFSET %s
Params: ['Изм в DB', 'Мальчики', datetime.date(2025, 12, 9), '', 1, 0]
2025-12-09 10:10:42,253 - ERROR - Трассировка стека:
Traceback (most recent call last):
  File "C:\Users\Alex\Competitions_TT\venv\Lib\site-packages\peewee.py", line 7297, in get
    return clone.execute(database)[0]
           ~~~~~~~~~~~~~~~~~~~~~~~^^^
  File "C:\Users\Alex\Competitions_TT\venv\Lib\site-packages\peewee.py", line 4583, in __getitem__
    return self.row_cache[item]
           ~~~~~~~~~~~~~~^^^^^^
IndexError: list index out of range

During handling of the above exception, another exception occurred:

Traceback (most recent call last):
  File "c:\Users\Alex\Competitions_TT\main.py", line 2512, in title_made
    title_pdf()
    ~~~~~~~~~^^
  File "c:\Users\Alex\Competitions_TT\main.py", line 2468, in title_pdf
    tit_id = Title.select().where(Title.id == title_id()).get()
                                              ~~~~~~~~^^
  File "c:\Users\Alex\Competitions_TT\main.py", line 12949, in title_id
    titles = titles_data.select().where((Title.data_start == data) & (Title.vozrast == age)).get()
  File "C:\Users\Alex\Competitions_TT\venv\Lib\site-packages\peewee.py", line 7300, in get
    raise self.model.DoesNotExist('%s instance matching query does '
                                  'not exist:\nSQL: %s\nParams: %s' %
                                  (clone.model, sql, params))
models.TitleDoesNotExist: <Model: Title> instance matching query does not exist:
SQL: SELECT `t1`.`id`, `t1`.`name`, `t1`.`sredi`, `t1`.`vozrast`, `t1`.`data_start`, `t1`.`data_end`, `t1`.`mesto`, `t1`.`referee`, `t1`.`kat_ref`, `t1`.`secretary`, `t1`.`kat_sec`, `t1`.`gamer`, `t1`.`full_name_comp`, `t1`.`pdf_comp`, `t1`.`short_name_comp`, `t1`.`tab_enabled`, `t1`.`multiregion`, `t1`.`perenos`, `t1`.`otchestvo`, `t1`.`r_date` FROM `titles` AS `t1` WHERE (((`t1`.`name` = %s) AND (`t1`.`gamer` = %s)) AND ((`t1`.`data_start` = %s) AND (`t1`.`vozrast` = %s))) LIMIT %s OFFSET %s
Params: ['Изм в DB', 'Мальчики', datetime.date(2025, 12, 9), '', 1, 0]
2025-12-09 10:11:24,901 - ERROR - Необработанное исключение: OperationalError: (1054, "Unknown column 't1.full_name' in 'field list'")
2025-12-09 10:11:24,902 - ERROR - Трассировка стека:
Traceback (most recent call last):
  File "C:\Users\Alex\Competitions_TT\venv\Lib\site-packages\peewee.py", line 3322, in execute_sql
    cursor.execute(sql, params or ())
    ~~~~~~~~~~~~~~^^^^^^^^^^^^^^^^^^^
  File "C:\Users\Alex\Competitions_TT\venv\Lib\site-packages\pymysql\cursors.py", line 153, in execute
    result = self._query(query)
  File "C:\Users\Alex\Competitions_TT\venv\Lib\site-packages\pymysql\cursors.py", line 322, in _query
    conn.query(q)
    ~~~~~~~~~~^^^
  File "C:\Users\Alex\Competitions_TT\venv\Lib\site-packages\pymysql\connections.py", line 575, in query
    self._affected_rows = self._read_query_result(unbuffered=unbuffered)
                          ~~~~~~~~~~~~~~~~~~~~~~~^^^^^^^^^^^^^^^^^^^^^^^
  File "C:\Users\Alex\Competitions_TT\venv\Lib\site-packages\pymysql\connections.py", line 826, in _read_query_result
    result.read()
    ~~~~~~~~~~~^^
  File "C:\Users\Alex\Competitions_TT\venv\Lib\site-packages\pymysql\connections.py", line 1203, in read
    first_packet = self.connection._read_packet()
  File "C:\Users\Alex\Competitions_TT\venv\Lib\site-packages\pymysql\connections.py", line 782, in _read_packet
    packet.raise_for_error()
    ~~~~~~~~~~~~~~~~~~~~~~^^
  File "C:\Users\Alex\Competitions_TT\venv\Lib\site-packages\pymysql\protocol.py", line 219, in raise_for_error
    err.raise_mysql_exception(self._data)
    ~~~~~~~~~~~~~~~~~~~~~~~~~^^^^^^^^^^^^
  File "C:\Users\Alex\Competitions_TT\venv\Lib\site-packages\pymysql\err.py", line 150, in raise_mysql_exception
    raise errorclass(errno, errval)
pymysql.err.OperationalError: (1054, "Unknown column 't1.full_name' in 'field list'")

During handling of the above exception, another exception occurred:

Traceback (most recent call last):
  File "c:\Users\Alex\Competitions_TT\main.py", line 4166, in tool_page
    page()
    ~~~~^^
  File "c:\Users\Alex\Competitions_TT\main.py", line 4205, in page
    load_coach_to_combo()
    ~~~~~~~~~~~~~~~~~~~^^
  File "c:\Users\Alex\Competitions_TT\main.py", line 11547, in load_coach_to_combo
    for k in players:
             ^^^^^^^
  File "C:\Users\Alex\Competitions_TT\venv\Lib\site-packages\peewee.py", line 7287, in __iter__
    self.execute()
    ~~~~~~~~~~~~^^
  File "C:\Users\Alex\Competitions_TT\venv\Lib\site-packages\peewee.py", line 2036, in inner
    return method(self, database, *args, **kwargs)
  File "C:\Users\Alex\Competitions_TT\venv\Lib\site-packages\peewee.py", line 2107, in execute
    return self._execute(database)
           ~~~~~~~~~~~~~^^^^^^^^^^
  File "C:\Users\Alex\Competitions_TT\venv\Lib\site-packages\peewee.py", line 2280, in _execute
    cursor = database.execute(self)
  File "C:\Users\Alex\Competitions_TT\venv\Lib\site-packages\peewee.py", line 3330, in execute
    return self.execute_sql(sql, params)
           ~~~~~~~~~~~~~~~~^^^^^^^^^^^^^
  File "C:\Users\Alex\Competitions_TT\venv\Lib\site-packages\peewee.py", line 3320, in execute_sql
    with __exception_wrapper__:
         ^^^^^^^^^^^^^^^^^^^^^
  File "C:\Users\Alex\Competitions_TT\venv\Lib\site-packages\peewee.py", line 3088, in __exit__
    reraise(new_type, new_type(exc_value, *exc_args), traceback)
    ~~~~~~~^^^^^^^^^^^^^^^^^^^^^^^^^^^^^^^^^^^^^^^^^^^^^^^^^^^^^
  File "C:\Users\Alex\Competitions_TT\venv\Lib\site-packages\peewee.py", line 196, in reraise
    raise value.with_traceback(tb)
  File "C:\Users\Alex\Competitions_TT\venv\Lib\site-packages\peewee.py", line 3322, in execute_sql
    cursor.execute(sql, params or ())
    ~~~~~~~~~~~~~~^^^^^^^^^^^^^^^^^^^
  File "C:\Users\Alex\Competitions_TT\venv\Lib\site-packages\pymysql\cursors.py", line 153, in execute
    result = self._query(query)
  File "C:\Users\Alex\Competitions_TT\venv\Lib\site-packages\pymysql\cursors.py", line 322, in _query
    conn.query(q)
    ~~~~~~~~~~^^^
  File "C:\Users\Alex\Competitions_TT\venv\Lib\site-packages\pymysql\connections.py", line 575, in query
    self._affected_rows = self._read_query_result(unbuffered=unbuffered)
                          ~~~~~~~~~~~~~~~~~~~~~~~^^^^^^^^^^^^^^^^^^^^^^^
  File "C:\Users\Alex\Competitions_TT\venv\Lib\site-packages\pymysql\connections.py", line 826, in _read_query_result
    result.read()
    ~~~~~~~~~~~^^
  File "C:\Users\Alex\Competitions_TT\venv\Lib\site-packages\pymysql\connections.py", line 1203, in read
    first_packet = self.connection._read_packet()
  File "C:\Users\Alex\Competitions_TT\venv\Lib\site-packages\pymysql\connections.py", line 782, in _read_packet
    packet.raise_for_error()
    ~~~~~~~~~~~~~~~~~~~~~~^^
  File "C:\Users\Alex\Competitions_TT\venv\Lib\site-packages\pymysql\protocol.py", line 219, in raise_for_error
    err.raise_mysql_exception(self._data)
    ~~~~~~~~~~~~~~~~~~~~~~~~~^^^^^^^^^^^^
  File "C:\Users\Alex\Competitions_TT\venv\Lib\site-packages\pymysql\err.py", line 150, in raise_mysql_exception
    raise errorclass(errno, errval)
peewee.OperationalError: (1054, "Unknown column 't1.full_name' in 'field list'")
